{"/Users/natalieblumen/Desktop/promptlylearn/src/index.ts": {"path":"/Users/natalieblumen/Desktop/promptlylearn/src/index.ts","statementMap":{"0":{"start":{"line":2,"column":0},"end":{"line":2,"column":52}},"1":{"start":{"line":19,"column":15},"end":{"line":19,"column":47}},"2":{"start":{"line":20,"column":0},"end":{"line":20,"column":26}},"3":{"start":{"line":21,"column":0},"end":{"line":21,"column":35}}},"fnMap":{},"branchMap":{},"s":{"0":0,"1":0,"2":0,"3":0},"f":{},"b":{}}
,"/Users/natalieblumen/Desktop/promptlylearn/src/domain/fakeEvaluator.ts": {"path":"/Users/natalieblumen/Desktop/promptlylearn/src/domain/fakeEvaluator.ts","statementMap":{"0":{"start":{"line":12,"column":21},"end":{"line":12,"column":22}},"1":{"start":{"line":13,"column":87},"end":{"line":13,"column":89}},"2":{"start":{"line":15,"column":4},"end":{"line":43,"column":7}},"3":{"start":{"line":17,"column":18},"end":{"line":17,"column":20}},"4":{"start":{"line":18,"column":20},"end":{"line":18,"column":22}},"5":{"start":{"line":20,"column":6},"end":{"line":25,"column":7}},"6":{"start":{"line":21,"column":8},"end":{"line":21,"column":19}},"7":{"start":{"line":22,"column":8},"end":{"line":22,"column":72}},"8":{"start":{"line":24,"column":8},"end":{"line":24,"column":30}},"9":{"start":{"line":28,"column":6},"end":{"line":31,"column":7}},"10":{"start":{"line":29,"column":8},"end":{"line":29,"column":19}},"11":{"start":{"line":30,"column":8},"end":{"line":30,"column":38}},"12":{"start":{"line":34,"column":6},"end":{"line":34,"column":33}},"13":{"start":{"line":34,"column":22},"end":{"line":34,"column":33}},"14":{"start":{"line":35,"column":6},"end":{"line":35,"column":31}},"15":{"start":{"line":35,"column":21},"end":{"line":35,"column":31}},"16":{"start":{"line":37,"column":6},"end":{"line":37,"column":26}},"17":{"start":{"line":38,"column":6},"end":{"line":42,"column":9}},"18":{"start":{"line":46,"column":4},"end":{"line":46,"column":43}},"19":{"start":{"line":46,"column":26},"end":{"line":46,"column":43}},"20":{"start":{"line":48,"column":4},"end":{"line":52,"column":6}},"21":{"start":{"line":10,"column":0},"end":{"line":10,"column":13}}},"fnMap":{"0":{"name":"(anonymous_0)","decl":{"start":{"line":11,"column":2},"end":{"line":11,"column":7}},"loc":{"start":{"line":11,"column":55},"end":{"line":53,"column":3}}},"1":{"name":"(anonymous_1)","decl":{"start":{"line":15,"column":33},"end":{"line":15,"column":34}},"loc":{"start":{"line":15,"column":58},"end":{"line":43,"column":5}}}},"branchMap":{"0":{"loc":{"start":{"line":20,"column":6},"end":{"line":25,"column":7}},"type":"if","locations":[{"start":{"line":20,"column":6},"end":{"line":25,"column":7}},{"start":{"line":23,"column":13},"end":{"line":25,"column":7}}]},"1":{"loc":{"start":{"line":28,"column":6},"end":{"line":31,"column":7}},"type":"if","locations":[{"start":{"line":28,"column":6},"end":{"line":31,"column":7}},{"start":{},"end":{}}]},"2":{"loc":{"start":{"line":28,"column":10},"end":{"line":28,"column":62}},"type":"binary-expr","locations":[{"start":{"line":28,"column":10},"end":{"line":28,"column":25}},{"start":{"line":28,"column":29},"end":{"line":28,"column":62}}]},"3":{"loc":{"start":{"line":34,"column":6},"end":{"line":34,"column":33}},"type":"if","locations":[{"start":{"line":34,"column":6},"end":{"line":34,"column":33}},{"start":{},"end":{}}]},"4":{"loc":{"start":{"line":35,"column":6},"end":{"line":35,"column":31}},"type":"if","locations":[{"start":{"line":35,"column":6},"end":{"line":35,"column":31}},{"start":{},"end":{}}]},"5":{"loc":{"start":{"line":46,"column":4},"end":{"line":46,"column":43}},"type":"if","locations":[{"start":{"line":46,"column":4},"end":{"line":46,"column":43}},{"start":{},"end":{}}]}},"s":{"0":5,"1":5,"2":5,"3":9,"4":9,"5":9,"6":1,"7":1,"8":8,"9":9,"10":1,"11":1,"12":9,"13":1,"14":9,"15":0,"16":9,"17":9,"18":5,"19":1,"20":5,"21":1},"f":{"0":5,"1":9},"b":{"0":[1,8],"1":[1,8],"2":[9,1],"3":[1,8],"4":[0,9],"5":[1,4]}}
,"/Users/natalieblumen/Desktop/promptlylearn/src/domain/llmEvaluator.ts": {"path":"/Users/natalieblumen/Desktop/promptlylearn/src/domain/llmEvaluator.ts","statementMap":{"0":{"start":{"line":1,"column":0},"end":{"line":1,"column":28}},"1":{"start":{"line":21,"column":4},"end":{"line":23,"column":7}},"2":{"start":{"line":24,"column":4},"end":{"line":24,"column":23}},"3":{"start":{"line":28,"column":87},"end":{"line":28,"column":89}},"4":{"start":{"line":29,"column":21},"end":{"line":29,"column":22}},"5":{"start":{"line":30,"column":36},"end":{"line":30,"column":38}},"6":{"start":{"line":33,"column":4},"end":{"line":43,"column":5}},"7":{"start":{"line":34,"column":21},"end":{"line":34,"column":73}},"8":{"start":{"line":34,"column":46},"end":{"line":34,"column":72}},"9":{"start":{"line":35,"column":6},"end":{"line":35,"column":28}},"10":{"start":{"line":35,"column":19},"end":{"line":35,"column":28}},"11":{"start":{"line":37,"column":20},"end":{"line":37,"column":65}},"12":{"start":{"line":38,"column":6},"end":{"line":38,"column":33}},"13":{"start":{"line":39,"column":6},"end":{"line":39,"column":32}},"14":{"start":{"line":40,"column":6},"end":{"line":42,"column":7}},"15":{"start":{"line":41,"column":8},"end":{"line":41,"column":42}},"16":{"start":{"line":46,"column":4},"end":{"line":46,"column":43}},"17":{"start":{"line":46,"column":26},"end":{"line":46,"column":43}},"18":{"start":{"line":48,"column":4},"end":{"line":52,"column":6}},"19":{"start":{"line":59,"column":25},"end":{"line":88,"column":67}},"20":{"start":{"line":90,"column":23},"end":{"line":104,"column":27}},"21":{"start":{"line":106,"column":4},"end":{"line":137,"column":5}},"22":{"start":{"line":107,"column":25},"end":{"line":115,"column":8}},"23":{"start":{"line":117,"column":22},"end":{"line":117,"column":61}},"24":{"start":{"line":118,"column":6},"end":{"line":120,"column":7}},"25":{"start":{"line":119,"column":8},"end":{"line":119,"column":48}},"26":{"start":{"line":122,"column":21},"end":{"line":122,"column":40}},"27":{"start":{"line":124,"column":6},"end":{"line":128,"column":8}},"28":{"start":{"line":130,"column":6},"end":{"line":130,"column":78}},"29":{"start":{"line":132,"column":6},"end":{"line":136,"column":8}},"30":{"start":{"line":16,"column":0},"end":{"line":16,"column":13}}},"fnMap":{"0":{"name":"(anonymous_1)","decl":{"start":{"line":20,"column":2},"end":{"line":20,"column":14}},"loc":{"start":{"line":20,"column":60},"end":{"line":25,"column":3}}},"1":{"name":"(anonymous_2)","decl":{"start":{"line":27,"column":2},"end":{"line":27,"column":7}},"loc":{"start":{"line":27,"column":55},"end":{"line":53,"column":3}}},"2":{"name":"(anonymous_3)","decl":{"start":{"line":34,"column":41},"end":{"line":34,"column":42}},"loc":{"start":{"line":34,"column":46},"end":{"line":34,"column":72}}},"3":{"name":"(anonymous_4)","decl":{"start":{"line":55,"column":10},"end":{"line":55,"column":15}},"loc":{"start":{"line":57,"column":28},"end":{"line":138,"column":3}}}},"branchMap":{"0":{"loc":{"start":{"line":20,"column":31},"end":{"line":20,"column":60}},"type":"default-arg","locations":[{"start":{"line":20,"column":47},"end":{"line":20,"column":60}}]},"1":{"loc":{"start":{"line":22,"column":14},"end":{"line":22,"column":50}},"type":"binary-expr","locations":[{"start":{"line":22,"column":14},"end":{"line":22,"column":20}},{"start":{"line":22,"column":24},"end":{"line":22,"column":50}}]},"2":{"loc":{"start":{"line":35,"column":6},"end":{"line":35,"column":28}},"type":"if","locations":[{"start":{"line":35,"column":6},"end":{"line":35,"column":28}},{"start":{},"end":{}}]},"3":{"loc":{"start":{"line":40,"column":6},"end":{"line":42,"column":7}},"type":"if","locations":[{"start":{"line":40,"column":6},"end":{"line":42,"column":7}},{"start":{},"end":{}}]},"4":{"loc":{"start":{"line":46,"column":4},"end":{"line":46,"column":43}},"type":"if","locations":[{"start":{"line":46,"column":4},"end":{"line":46,"column":43}},{"start":{},"end":{}}]},"5":{"loc":{"start":{"line":50,"column":16},"end":{"line":50,"column":87}},"type":"binary-expr","locations":[{"start":{"line":50,"column":16},"end":{"line":50,"column":39}},{"start":{"line":50,"column":43},"end":{"line":50,"column":87}}]},"6":{"loc":{"start":{"line":100,"column":2},"end":{"line":100,"column":51}},"type":"binary-expr","locations":[{"start":{"line":100,"column":2},"end":{"line":100,"column":21}},{"start":{"line":100,"column":25},"end":{"line":100,"column":51}}]},"7":{"loc":{"start":{"line":102,"column":13},"end":{"line":102,"column":45}},"type":"cond-expr","locations":[{"start":{"line":102,"column":33},"end":{"line":102,"column":38}},{"start":{"line":102,"column":41},"end":{"line":102,"column":45}}]},"8":{"loc":{"start":{"line":118,"column":6},"end":{"line":120,"column":7}},"type":"if","locations":[{"start":{"line":118,"column":6},"end":{"line":120,"column":7}},{"start":{},"end":{}}]},"9":{"loc":{"start":{"line":126,"column":40},"end":{"line":126,"column":57}},"type":"binary-expr","locations":[{"start":{"line":126,"column":40},"end":{"line":126,"column":52}},{"start":{"line":126,"column":56},"end":{"line":126,"column":57}}]},"10":{"loc":{"start":{"line":127,"column":17},"end":{"line":127,"column":44}},"type":"binary-expr","locations":[{"start":{"line":127,"column":17},"end":{"line":127,"column":31}},{"start":{"line":127,"column":35},"end":{"line":127,"column":44}}]}},"s":{"0":0,"1":0,"2":0,"3":0,"4":0,"5":0,"6":0,"7":0,"8":0,"9":0,"10":0,"11":0,"12":0,"13":0,"14":0,"15":0,"16":0,"17":0,"18":0,"19":0,"20":0,"21":0,"22":0,"23":0,"24":0,"25":0,"26":0,"27":0,"28":0,"29":0,"30":0},"f":{"0":0,"1":0,"2":0,"3":0},"b":{"0":[0],"1":[0,0],"2":[0,0],"3":[0,0],"4":[0,0],"5":[0,0],"6":[0,0],"7":[0,0],"8":[0,0],"9":[0,0],"10":[0,0]}}
,"/Users/natalieblumen/Desktop/promptlylearn/src/loaders/lessonLoader.ts": {"path":"/Users/natalieblumen/Desktop/promptlylearn/src/loaders/lessonLoader.ts","statementMap":{"0":{"start":{"line":10,"column":0},"end":{"line":10,"column":16}},"1":{"start":{"line":19,"column":0},"end":{"line":19,"column":16}},"2":{"start":{"line":1,"column":0},"end":{"line":1,"column":20}},"3":{"start":{"line":2,"column":0},"end":{"line":2,"column":24}},"4":{"start":{"line":5,"column":20},"end":{"line":5,"column":59}},"5":{"start":{"line":11,"column":19},"end":{"line":11,"column":51}},"6":{"start":{"line":12,"column":18},"end":{"line":12,"column":52}},"7":{"start":{"line":13,"column":2},"end":{"line":13,"column":39}},"8":{"start":{"line":20,"column":16},"end":{"line":20,"column":76}},"9":{"start":{"line":20,"column":56},"end":{"line":20,"column":75}},"10":{"start":{"line":21,"column":28},"end":{"line":21,"column":30}},"11":{"start":{"line":23,"column":2},"end":{"line":30,"column":3}},"12":{"start":{"line":24,"column":4},"end":{"line":29,"column":5}},"13":{"start":{"line":25,"column":21},"end":{"line":25,"column":37}},"14":{"start":{"line":26,"column":6},"end":{"line":26,"column":27}},"15":{"start":{"line":33,"column":26},"end":{"line":33,"column":71}},"16":{"start":{"line":34,"column":2},"end":{"line":34,"column":95}},"17":{"start":{"line":34,"column":32},"end":{"line":34,"column":93}}},"fnMap":{"0":{"name":"loadLesson","decl":{"start":{"line":10,"column":16},"end":{"line":10,"column":26}},"loc":{"start":{"line":10,"column":43},"end":{"line":14,"column":1}}},"1":{"name":"getAllLessons","decl":{"start":{"line":19,"column":16},"end":{"line":19,"column":29}},"loc":{"start":{"line":19,"column":29},"end":{"line":35,"column":1}}},"2":{"name":"(anonymous_3)","decl":{"start":{"line":20,"column":51},"end":{"line":20,"column":52}},"loc":{"start":{"line":20,"column":56},"end":{"line":20,"column":75}}},"3":{"name":"(anonymous_4)","decl":{"start":{"line":34,"column":22},"end":{"line":34,"column":23}},"loc":{"start":{"line":34,"column":32},"end":{"line":34,"column":93}}}},"branchMap":{},"s":{"0":1,"1":1,"2":1,"3":1,"4":1,"5":26,"6":26,"7":25,"8":3,"9":24,"10":3,"11":3,"12":24,"13":24,"14":24,"15":3,"16":3,"17":42},"f":{"0":26,"1":3,"2":24,"3":42},"b":{}}
,"/Users/natalieblumen/Desktop/promptlylearn/src/stores/sessionStore.ts": {"path":"/Users/natalieblumen/Desktop/promptlylearn/src/stores/sessionStore.ts","statementMap":{"0":{"start":{"line":1,"column":0},"end":{"line":1,"column":20}},"1":{"start":{"line":2,"column":0},"end":{"line":2,"column":24}},"2":{"start":{"line":5,"column":17},"end":{"line":5,"column":60}},"3":{"start":{"line":17,"column":4},"end":{"line":19,"column":5}},"4":{"start":{"line":18,"column":6},"end":{"line":18,"column":50}},"5":{"start":{"line":26,"column":21},"end":{"line":26,"column":62}},"6":{"start":{"line":27,"column":4},"end":{"line":27,"column":65}},"7":{"start":{"line":34,"column":21},"end":{"line":34,"column":61}},"8":{"start":{"line":35,"column":4},"end":{"line":37,"column":5}},"9":{"start":{"line":36,"column":6},"end":{"line":36,"column":18}},"10":{"start":{"line":38,"column":17},"end":{"line":38,"column":51}},"11":{"start":{"line":39,"column":4},"end":{"line":39,"column":39}},"12":{"start":{"line":46,"column":18},"end":{"line":46,"column":41}},"13":{"start":{"line":47,"column":32},"end":{"line":47,"column":34}},"14":{"start":{"line":49,"column":4},"end":{"line":54,"column":5}},"15":{"start":{"line":50,"column":22},"end":{"line":50,"column":45}},"16":{"start":{"line":51,"column":6},"end":{"line":53,"column":7}},"17":{"start":{"line":52,"column":8},"end":{"line":52,"column":31}},"18":{"start":{"line":56,"column":4},"end":{"line":58,"column":6}},"19":{"start":{"line":57,"column":6},"end":{"line":57,"column":75}},"20":{"start":{"line":65,"column":18},"end":{"line":65,"column":41}},"21":{"start":{"line":66,"column":32},"end":{"line":66,"column":34}},"22":{"start":{"line":68,"column":4},"end":{"line":73,"column":5}},"23":{"start":{"line":69,"column":22},"end":{"line":69,"column":45}},"24":{"start":{"line":70,"column":6},"end":{"line":72,"column":7}},"25":{"start":{"line":71,"column":8},"end":{"line":71,"column":31}},"26":{"start":{"line":75,"column":4},"end":{"line":77,"column":6}},"27":{"start":{"line":76,"column":6},"end":{"line":76,"column":75}},"28":{"start":{"line":81,"column":4},"end":{"line":83,"column":5}},"29":{"start":{"line":82,"column":6},"end":{"line":82,"column":16}},"30":{"start":{"line":84,"column":4},"end":{"line":84,"column":69}},"31":{"start":{"line":84,"column":48},"end":{"line":84,"column":67}},"32":{"start":{"line":88,"column":4},"end":{"line":94,"column":5}},"33":{"start":{"line":89,"column":23},"end":{"line":89,"column":52}},"34":{"start":{"line":90,"column":19},"end":{"line":90,"column":53}},"35":{"start":{"line":91,"column":6},"end":{"line":91,"column":41}},"36":{"start":{"line":93,"column":6},"end":{"line":93,"column":18}},"37":{"start":{"line":14,"column":0},"end":{"line":14,"column":13}}},"fnMap":{"0":{"name":"(anonymous_1)","decl":{"start":{"line":15,"column":2},"end":{"line":15,"column":null}},"loc":{"start":{"line":15,"column":2},"end":{"line":20,"column":3}}},"1":{"name":"(anonymous_2)","decl":{"start":{"line":25,"column":2},"end":{"line":25,"column":6}},"loc":{"start":{"line":25,"column":23},"end":{"line":28,"column":3}}},"2":{"name":"(anonymous_3)","decl":{"start":{"line":33,"column":2},"end":{"line":33,"column":6}},"loc":{"start":{"line":33,"column":24},"end":{"line":40,"column":3}}},"3":{"name":"(anonymous_4)","decl":{"start":{"line":45,"column":2},"end":{"line":45,"column":16}},"loc":{"start":{"line":45,"column":34},"end":{"line":59,"column":3}}},"4":{"name":"(anonymous_5)","decl":{"start":{"line":56,"column":25},"end":{"line":56,"column":26}},"loc":{"start":{"line":57,"column":6},"end":{"line":57,"column":75}}},"5":{"name":"(anonymous_6)","decl":{"start":{"line":64,"column":2},"end":{"line":64,"column":8}},"loc":{"start":{"line":64,"column":8},"end":{"line":78,"column":3}}},"6":{"name":"(anonymous_7)","decl":{"start":{"line":75,"column":25},"end":{"line":75,"column":26}},"loc":{"start":{"line":76,"column":6},"end":{"line":76,"column":75}}},"7":{"name":"(anonymous_8)","decl":{"start":{"line":80,"column":10},"end":{"line":80,"column":26}},"loc":{"start":{"line":80,"column":26},"end":{"line":85,"column":3}}},"8":{"name":"(anonymous_9)","decl":{"start":{"line":84,"column":43},"end":{"line":84,"column":44}},"loc":{"start":{"line":84,"column":48},"end":{"line":84,"column":67}}},"9":{"name":"(anonymous_10)","decl":{"start":{"line":87,"column":10},"end":{"line":87,"column":22}},"loc":{"start":{"line":87,"column":39},"end":{"line":95,"column":3}}}},"branchMap":{"0":{"loc":{"start":{"line":17,"column":4},"end":{"line":19,"column":5}},"type":"if","locations":[{"start":{"line":17,"column":4},"end":{"line":19,"column":5}},{"start":{},"end":{}}]},"1":{"loc":{"start":{"line":35,"column":4},"end":{"line":37,"column":5}},"type":"if","locations":[{"start":{"line":35,"column":4},"end":{"line":37,"column":5}},{"start":{},"end":{}}]},"2":{"loc":{"start":{"line":51,"column":6},"end":{"line":53,"column":7}},"type":"if","locations":[{"start":{"line":51,"column":6},"end":{"line":53,"column":7}},{"start":{},"end":{}}]},"3":{"loc":{"start":{"line":51,"column":10},"end":{"line":51,"column":52}},"type":"binary-expr","locations":[{"start":{"line":51,"column":10},"end":{"line":51,"column":17}},{"start":{"line":51,"column":21},"end":{"line":51,"column":52}}]},"4":{"loc":{"start":{"line":70,"column":6},"end":{"line":72,"column":7}},"type":"if","locations":[{"start":{"line":70,"column":6},"end":{"line":72,"column":7}},{"start":{},"end":{}}]},"5":{"loc":{"start":{"line":81,"column":4},"end":{"line":83,"column":5}},"type":"if","locations":[{"start":{"line":81,"column":4},"end":{"line":83,"column":5}},{"start":{},"end":{}}]}},"s":{"0":0,"1":0,"2":0,"3":0,"4":0,"5":0,"6":0,"7":0,"8":0,"9":0,"10":0,"11":0,"12":0,"13":0,"14":0,"15":0,"16":0,"17":0,"18":0,"19":0,"20":0,"21":0,"22":0,"23":0,"24":0,"25":0,"26":0,"27":0,"28":0,"29":0,"30":0,"31":0,"32":0,"33":0,"34":0,"35":0,"36":0,"37":0},"f":{"0":0,"1":0,"2":0,"3":0,"4":0,"5":0,"6":0,"7":0,"8":0,"9":0},"b":{"0":[0,0],"1":[0,0],"2":[0,0],"3":[0,0],"4":[0,0],"5":[0,0]}}
,"/Users/natalieblumen/Desktop/promptlylearn/src/stores/studentStore.ts": {"path":"/Users/natalieblumen/Desktop/promptlylearn/src/stores/studentStore.ts","statementMap":{"0":{"start":{"line":1,"column":0},"end":{"line":1,"column":20}},"1":{"start":{"line":2,"column":0},"end":{"line":2,"column":24}},"2":{"start":{"line":5,"column":17},"end":{"line":5,"column":60}},"3":{"start":{"line":13,"column":4},"end":{"line":15,"column":5}},"4":{"start":{"line":14,"column":6},"end":{"line":14,"column":50}},"5":{"start":{"line":22,"column":21},"end":{"line":22,"column":62}},"6":{"start":{"line":23,"column":4},"end":{"line":23,"column":65}},"7":{"start":{"line":31,"column":27},"end":{"line":31,"column":52}},"8":{"start":{"line":32,"column":21},"end":{"line":32,"column":34}},"9":{"start":{"line":34,"column":4},"end":{"line":36,"column":14}},"10":{"start":{"line":35,"column":6},"end":{"line":35,"column":45}},"11":{"start":{"line":43,"column":21},"end":{"line":43,"column":61}},"12":{"start":{"line":44,"column":4},"end":{"line":46,"column":5}},"13":{"start":{"line":45,"column":6},"end":{"line":45,"column":18}},"14":{"start":{"line":47,"column":17},"end":{"line":47,"column":51}},"15":{"start":{"line":48,"column":4},"end":{"line":48,"column":39}},"16":{"start":{"line":55,"column":4},"end":{"line":57,"column":5}},"17":{"start":{"line":56,"column":6},"end":{"line":56,"column":16}},"18":{"start":{"line":59,"column":18},"end":{"line":59,"column":75}},"19":{"start":{"line":59,"column":55},"end":{"line":59,"column":74}},"20":{"start":{"line":60,"column":32},"end":{"line":60,"column":34}},"21":{"start":{"line":62,"column":4},"end":{"line":70,"column":5}},"22":{"start":{"line":63,"column":6},"end":{"line":69,"column":7}},"23":{"start":{"line":64,"column":25},"end":{"line":64,"column":50}},"24":{"start":{"line":65,"column":21},"end":{"line":65,"column":55}},"25":{"start":{"line":66,"column":8},"end":{"line":66,"column":51}},"26":{"start":{"line":72,"column":4},"end":{"line":72,"column":20}},"27":{"start":{"line":11,"column":0},"end":{"line":11,"column":13}}},"fnMap":{"0":{"name":"(anonymous_1)","decl":{"start":{"line":12,"column":2},"end":{"line":12,"column":null}},"loc":{"start":{"line":12,"column":2},"end":{"line":16,"column":3}}},"1":{"name":"(anonymous_2)","decl":{"start":{"line":21,"column":2},"end":{"line":21,"column":6}},"loc":{"start":{"line":21,"column":23},"end":{"line":24,"column":3}}},"2":{"name":"(anonymous_3)","decl":{"start":{"line":30,"column":2},"end":{"line":30,"column":12}},"loc":{"start":{"line":30,"column":25},"end":{"line":37,"column":3}}},"3":{"name":"(anonymous_4)","decl":{"start":{"line":34,"column":25},"end":{"line":34,"column":26}},"loc":{"start":{"line":35,"column":6},"end":{"line":35,"column":45}}},"4":{"name":"(anonymous_5)","decl":{"start":{"line":42,"column":2},"end":{"line":42,"column":6}},"loc":{"start":{"line":42,"column":24},"end":{"line":49,"column":3}}},"5":{"name":"(anonymous_6)","decl":{"start":{"line":54,"column":2},"end":{"line":54,"column":8}},"loc":{"start":{"line":54,"column":8},"end":{"line":73,"column":3}}},"6":{"name":"(anonymous_7)","decl":{"start":{"line":59,"column":50},"end":{"line":59,"column":51}},"loc":{"start":{"line":59,"column":55},"end":{"line":59,"column":74}}}},"branchMap":{"0":{"loc":{"start":{"line":13,"column":4},"end":{"line":15,"column":5}},"type":"if","locations":[{"start":{"line":13,"column":4},"end":{"line":15,"column":5}},{"start":{},"end":{}}]},"1":{"loc":{"start":{"line":34,"column":11},"end":{"line":36,"column":13}},"type":"binary-expr","locations":[{"start":{"line":34,"column":11},"end":{"line":35,"column":null}},{"start":{"line":36,"column":9},"end":{"line":36,"column":13}}]},"2":{"loc":{"start":{"line":44,"column":4},"end":{"line":46,"column":5}},"type":"if","locations":[{"start":{"line":44,"column":4},"end":{"line":46,"column":5}},{"start":{},"end":{}}]},"3":{"loc":{"start":{"line":55,"column":4},"end":{"line":57,"column":5}},"type":"if","locations":[{"start":{"line":55,"column":4},"end":{"line":57,"column":5}},{"start":{},"end":{}}]}},"s":{"0":0,"1":0,"2":0,"3":0,"4":0,"5":0,"6":0,"7":0,"8":0,"9":0,"10":0,"11":0,"12":0,"13":0,"14":0,"15":0,"16":0,"17":0,"18":0,"19":0,"20":0,"21":0,"22":0,"23":0,"24":0,"25":0,"26":0,"27":0},"f":{"0":0,"1":0,"2":0,"3":0,"4":0,"5":0,"6":0},"b":{"0":[0,0],"1":[0,0],"2":[0,0],"3":[0,0]}}
}
